<?xml version="1.0" encoding="UTF-8"?>
<!-- Generated by org.testng.reporters.JUnitReportReporter -->
<testsuite hostname="at02dava" name="org.fundacion.automation.workspaces.TestDeleteWorkspace" tests="1" failures="0" timestamp="20 Dec 2016 20:28:51 GMT" time="14.601" errors="0">
  <testcase name="verifyWorkspaceIsDeleted" time="14.601" classname="org.fundacion.automation.workspaces.TestDeleteWorkspace"/>
</testsuite> <!-- org.fundacion.automation.workspaces.TestDeleteWorkspace -->
