<?xml version="1.0" encoding="UTF-8"?>
<!-- Generated by org.testng.reporters.JUnitReportReporter -->
<testsuite hostname="at02dava" name="org.fundacion.automation.workspaces.TestCreateWorkspace" tests="1" failures="0" timestamp="20 Dec 2016 20:28:51 GMT" time="16.171" errors="0">
  <testcase name="verifyWorkspaceIsCreated" time="16.171" classname="org.fundacion.automation.workspaces.TestCreateWorkspace"/>
</testsuite> <!-- org.fundacion.automation.workspaces.TestCreateWorkspace -->
