<?xml version="1.0" encoding="UTF-8"?>
<!-- Generated by org.testng.reporters.JUnitReportReporter -->
<testsuite hostname="at02dava" name="org.fundacion.automation.workspaces.AddWorkspaceProjects" tests="1" failures="0" timestamp="20 Dec 2016 20:28:51 GMT" time="14.302" errors="0">
  <testcase name="verifyThatIsPosibleAddProjecsOnAWorkspace" time="14.302" classname="org.fundacion.automation.workspaces.AddWorkspaceProjects"/>
</testsuite> <!-- org.fundacion.automation.workspaces.AddWorkspaceProjects -->
