<?xml version="1.0" encoding="UTF-8"?>
<!-- Generated by org.testng.reporters.JUnitReportReporter -->
<testsuite hostname="at02dava" name="org.fundacion.automation.workspaces.TestCreateWorkspace" tests="1" failures="0" timestamp="21 Dec 2016 14:06:23 GMT" time="15.986" errors="0">
  <testcase name="verifyWorkspaceIsCreated" time="15.986" classname="org.fundacion.automation.workspaces.TestCreateWorkspace"/>
</testsuite> <!-- org.fundacion.automation.workspaces.TestCreateWorkspace -->
