<?xml version="1.0" encoding="UTF-8"?>
<!-- Generated by org.testng.reporters.JUnitReportReporter -->
<testsuite hostname="at02dava" name="org.bdd.automation.features.FeatureRunner" tests="1" failures="0" timestamp="9 Jan 2017 23:25:19 GMT" time="16.033" errors="0">
  <testcase name="feature" time="16.033" classname="org.bdd.automation.features.FeatureRunner"/>
</testsuite> <!-- org.bdd.automation.features.FeatureRunner -->
