<?xml version="1.0" encoding="UTF-8"?>
<!-- Generated by org.testng.reporters.JUnitReportReporter -->
<testsuite hostname="at02sela01" name="org.fundacion.automation.projects.CreatePrivateProjectTest" tests="1" failures="0" timestamp="19 Dec 2016 10:46:49 GMT" time="15.338" errors="0">
  <testcase name="createPrivateProject" time="15.338" classname="org.fundacion.automation.projects.CreatePrivateProjectTest"/>
</testsuite> <!-- org.fundacion.automation.projects.CreatePrivateProjectTest -->
