<?xml version="1.0" encoding="UTF-8"?>
<!-- Generated by org.testng.reporters.JUnitReportReporter -->
<testsuite hostname="at02dava" name="org.fundacion.automation.projects.CreatePrivateProjectTest" tests="1" failures="0" timestamp="21 Dec 2016 13:34:26 GMT" time="15.743" errors="0">
  <testcase name="createPrivateProject" time="15.743" classname="org.fundacion.automation.projects.CreatePrivateProjectTest"/>
</testsuite> <!-- org.fundacion.automation.projects.CreatePrivateProjectTest -->
