<?xml version="1.0" encoding="UTF-8"?>
<!-- Generated by org.testng.reporters.JUnitReportReporter -->
<testsuite hostname="at02dava" name="org.fundacion.automation.workspaces.RemoveWorkspaceProjects" tests="1" failures="0" timestamp="21 Dec 2016 20:44:45 GMT" time="35.638" errors="0">
  <testcase name="verifyThatIsPosibleRemoveProjecsOnAWorkspace" time="35.638" classname="org.fundacion.automation.workspaces.RemoveWorkspaceProjects"/>
</testsuite> <!-- org.fundacion.automation.workspaces.RemoveWorkspaceProjects -->
