<?xml version="1.0" encoding="UTF-8"?>
<!-- Generated by org.testng.reporters.JUnitReportReporter -->
<testsuite hostname="at02dava" name="org.fundacion.automation.workspaces.TestDeleteWorkspace" tests="1" failures="0" timestamp="21 Dec 2016 14:06:23 GMT" time="15.919" errors="0">
  <testcase name="verifyWorkspaceIsDeleted" time="15.919" classname="org.fundacion.automation.workspaces.TestDeleteWorkspace"/>
</testsuite> <!-- org.fundacion.automation.workspaces.TestDeleteWorkspace -->
