<?xml version="1.0" encoding="UTF-8"?>
<!-- Generated by org.testng.reporters.JUnitReportReporter -->
<testsuite hostname="at02dava" name="org.fundacion.automation.projects.TestCreateProject" tests="1" failures="0" timestamp="21 Dec 2016 13:34:26 GMT" time="10.975" errors="0">
  <testcase name="verifyIfProjectIsCreated" time="10.975" classname="org.fundacion.automation.projects.TestCreateProject"/>
</testsuite> <!-- org.fundacion.automation.projects.TestCreateProject -->
