<?xml version="1.0" encoding="UTF-8"?>
<!-- Generated by org.testng.reporters.JUnitReportReporter -->
<testsuite hostname="at02dava" name="org.fundacion.automation.workspaces.AddWorkspaceProjects" tests="1" failures="0" timestamp="21 Dec 2016 14:06:23 GMT" time="16.969" errors="0">
  <testcase name="verifyThatIsPosibleAddProjecsOnAWorkspace" time="16.969" classname="org.fundacion.automation.workspaces.AddWorkspaceProjects"/>
</testsuite> <!-- org.fundacion.automation.workspaces.AddWorkspaceProjects -->
